19:51:16 | INFO    | Лог: canon_batches_listeningm_2281121a/logs/session_20260412_195116.log
19:51:16 | WARNING | Нет HTTP-библиотеки (aiohttp/requests) — Telegram отключён.
19:51:16 | INFO    | Нарезка PDF на пачки...
19:51:16 | INFO    | Сборка брошюры (переплет: left)...
19:51:21 | INFO    | Размножение под 4 копий...
19:51:21 | INFO    |   Пачка 1: batch_001_p0001-0060.pdf
19:51:21 | INFO    |   Пачка 2: batch_002_p0061-0120.pdf
19:51:21 | INFO    |   Пачка 3: batch_003_p0121-0180.pdf
19:51:21 | INFO    |   Пачка 4: batch_004_p0181-0200.pdf
19:51:21 | INFO    | ==============================================================
19:51:21 | INFO    |   Canon iR2425 — Щадящая автопечать v6.0 (Async)
19:51:21 | INFO    | ==============================================================
19:51:21 | INFO    |   Файл:        listeningm.pdf
19:51:21 | INFO    |   Страниц:     98
19:51:21 | INFO    |   Пачек:       4 × 60 стр.
19:51:21 | INFO    |   Копий:       4
19:51:21 | INFO    |   Дуплекс:     short
19:51:21 | INFO    |   IP:          192.168.68.114
19:51:21 | INFO    |   Принтер:     iR2425
19:51:21 | INFO    |   Охлаждение:  15 мин × 3 паузы
19:51:21 | INFO    |   Итого ожид.: ≈45 мин (0ч 45мин)
19:51:21 | INFO    | ==============================================================
19:51:21 | INFO    | [dry-run] Пачки в: canon_batches_listeningm_2281121a
